C51 COMPILER V9.60.7.0   EEPROM                                                            09/07/2023 16:20:57 PAGE 1   


C51 COMPILER V9.60.7.0, COMPILATION OF MODULE EEPROM
OBJECT MODULE PLACED IN .\Objects\eeprom.obj
COMPILER INVOKED BY: G:\Keil_v5_c51v961\C51\BIN\C51.EXE src\eeprom.c OPTIMIZE(8,SPEED) INCDIR(.\src;.\system) PRINT(.\Li
                    -stings\eeprom.lst) TABS(2) OBJECT(.\Objects\eeprom.obj)

line level    source

   1          #include "eeprom.h"
   2          #include "intrins.h"
   3          
   4          void IapIdle()
   5          {
   6   1          IAP_CONTR = 0;                              //关闭IAP功能
   7   1          IAP_CMD = 0;                                //清除命令寄存器
   8   1          IAP_TRIG = 0;                               //清除触发寄存器
   9   1          IAP_ADDRH = 0x80;                           //将地址设置到非IAP区域
  10   1          IAP_ADDRL = 0;
  11   1      }
  12          
  13          char IapRead(int addr)
  14          {
  15   1          char dat;
  16   1      
  17   1          IAP_CONTR = 0x80;                           //使能IAP
  18   1          IAP_TPS = 12;                               //设置等待参数12MHz
  19   1          IAP_CMD = 1;                                //设置IAP读命令
  20   1          IAP_ADDRL = addr;                           //设置IAP低地址
  21   1          IAP_ADDRH = addr >> 8;                      //设置IAP高地址
  22   1          IAP_TRIG = 0x5a;                            //写触发命令(0x5a)
  23   1          IAP_TRIG = 0xa5;                            //写触发命令(0xa5)
  24   1          _nop_();
  25   1          dat = IAP_DATA;                             //读IAP数据
  26   1          IapIdle();                                  //关闭IAP功能
  27   1      
  28   1          return dat;
  29   1      }
  30          
  31          void IapProgram(int addr, char dat)
  32          {
  33   1          IAP_CONTR = 0x80;                           //使能IAP
  34   1          IAP_TPS = 12;                               //设置等待参数12MHz
  35   1          IAP_CMD = 2;                                //设置IAP写命令
  36   1          IAP_ADDRL = addr;                           //设置IAP低地址
  37   1          IAP_ADDRH = addr >> 8;                      //设置IAP高地址
  38   1          IAP_DATA = dat;                             //写IAP数据
  39   1          IAP_TRIG = 0x5a;                            //写触发命令(0x5a)
  40   1          IAP_TRIG = 0xa5;                            //写触发命令(0xa5)
  41   1          _nop_();
  42   1          IapIdle();                                  //关闭IAP功能
  43   1      }
  44          
  45          void IapErase(int addr)
  46          {
  47   1          IAP_CONTR = 0x80;                           //使能IAP
  48   1          IAP_TPS = 12;                               //设置等待参数12MHz
  49   1          IAP_CMD = 3;                                //设置IAP擦除命令
  50   1          IAP_ADDRL = addr;                           //设置IAP低地址
  51   1          IAP_ADDRH = addr >> 8;                      //设置IAP高地址
  52   1          IAP_TRIG = 0x5a;                            //写触发命令(0x5a)
  53   1          IAP_TRIG = 0xa5;                            //写触发命令(0xa5)
  54   1          _nop_();                                    //
C51 COMPILER V9.60.7.0   EEPROM                                                            09/07/2023 16:20:57 PAGE 2   

  55   1          IapIdle();                                  //关闭IAP功能
  56   1      }
  57          
  58          


MODULE INFORMATION:   STATIC OVERLAYABLE
   CODE SIZE        =     92    ----
   CONSTANT SIZE    =   ----    ----
   XDATA SIZE       =   ----    ----
   PDATA SIZE       =   ----    ----
   DATA SIZE        =   ----    ----
   IDATA SIZE       =   ----    ----
   BIT SIZE         =   ----    ----
END OF MODULE INFORMATION.


C51 COMPILATION COMPLETE.  0 WARNING(S),  0 ERROR(S)
